make.exe all --print-data-base --no-builtin-variables --no-builtin-rules --question
# GNU Make 3.81
# Copyright (C) 2006  Free Software Foundation, Inc.
# This is free software; see the source for copying conditions.
# There is NO warranty; not even for MERCHANTABILITY or FITNESS FOR A
# PARTICULAR PURPOSE.

# This program built for i386-pc-mingw32
 

# Make data base, printed on Tue May 31 23:40:24 2022

# Variables

# automatic
<D = $(patsubst %/,%,$(dir $<))
# automatic
?F = $(notdir $?)
# makefile
MAKEFLAGS = Rrqp
# environment
VSCODE_LOG_NATIVE = false
# automatic
?D = $(patsubst %/,%,$(dir $?))
# automatic
@D = $(patsubst %/,%,$(dir $@))
# environment
HOMEDRIVE = C:
# automatic
@F = $(notdir $@)
# automatic
^D = $(patsubst %/,%,$(dir $^))
# makefile
CURDIR := c:/Users/shaun/Programs/C/C++ review
# default
SHELL := C:/Users/shaun/Cprogram/TeensyC/utils/bin/sh.exe
# environment
WINDIR = C:\WINDOWS
# environment
VSCODE_NLS_CONFIG = {"locale":"en-us","availableLanguages":{},"_languagePackSupport":true}
# makefile (from `GNUmakefile', line 2)
CFLAGS := -I./ -g -Og -std=c++14
# environment
ONEDRIVE = C:\Users\shaun\OneDrive
# environment
PATHEXT = .COM;.EXE;.BAT;.CMD;.VBS;.VBE;.JS;.JSE;.WSF;.WSH;.MSC
# makefile (from `GNUmakefile', line 1)
MAKEFILE_LIST :=  GNUmakefile
# environment
TMP = C:\Users\shaun\AppData\Local\Temp
# environment
VSCODE_VERBOSE_LOGGING = true
# environment
PROGRAMW6432 = C:\Program Files
# environment
PROGRAMDATA = C:\ProgramData
# environment
VSCODE_IPC_HOOK_EXTHOST = \\.\pipe\vscode-ipc-dda708f1-3f2d-4f1b-9c6b-3f7cc0b70a99-sock
# environment
VSCODE_CWD = C:\Users\shaun\AppData\Local\Programs\Microsoft VS Code
# environment
PATH = C:\Users\shaun\Cprogram\TeensyC\bin;C:\Users\shaun\Cprogram\TeensyC\utils\bin;C:\ProgramData\Miniconda3;C:\ProgramData\Miniconda3\Library\mingw-w64\bin;C:\ProgramData\Miniconda3\Library\usr\bin;C:\ProgramData\Miniconda3\Library\bin;C:\ProgramData\Miniconda3\Scripts;C:\ProgramData\Anaconda3;C:\ProgramData\Anaconda3\Library\usr\bin;C:\ProgramData\Anaconda3\Library\bin;C:\ProgramData\Anaconda3\Scripts;C:\WINDOWS\system32;C:\WINDOWS;C:\WINDOWS\System32\Wbem;C:\WINDOWS\System32\WindowsPowerShell\v1.0\;C:\WINDOWS\System32\OpenSSH\;C:\Program Files (x86)\Calibre2\;C:\Program Files\Git\cmd;C:\Program Files\MATLAB\R2020a\bin;C:\Program Files\dotnet\;C:\Program Files\PuTTY\;C:\MinGW\bin;C:\Users\shaun\miniconda3;C:\Users\shaun\miniconda3\Library\mingw-w64\bin;C:\Users\shaun\miniconda3\Library\usr\bin;C:\Users\shaun\miniconda3\Library\bin;C:\Users\shaun\miniconda3\Scripts;C:\Users\shaun\Cprogram\bin;C:\Users\shaun\AppData\Local\Microsoft\WindowsApps;C:\Users\shaun\AppData\Local\atom\bin;C:\Users\shaun\AppData\Local\GitHubDesktop\bin;C:\Users\shaun\AppData\Local\Programs\MiKTeX\miktex\bin\x64\;C:\Users\shaun\AppData\Local\Microsoft\WindowsApps;;C:\Users\shaun\AppData\Local\Programs\Microsoft VS Code\bin;C:\Program Files\heroku\bin
# environment
COMMONPROGRAMW6432 = C:\Program Files\Common Files
# environment
PROCESSOR_ARCHITECTURE = x86
# environment
USERPROFILE = C:\Users\shaun
# environment
ALLUSERSPROFILE = C:\ProgramData
# environment
VSCODE_LOG_STACK = false
# environment
NUMBER_OF_PROCESSORS = 8
# environment
ELECTRON_RUN_AS_NODE = 1
# makefile (from `GNUmakefile', line 3)
LDFLAGS := 
# default
.FEATURES := target-specific order-only second-expansion else-if archives
# automatic
%F = $(notdir $%)
# environment
CHROME_CRASHPAD_PIPE_NAME = \\.\pipe\crashpad_11896_GXNMAFICKXINVDRD
# environment
VSCODE_PIPE_LOGGING = true
# environment
COMPUTERNAME = DESKTOP-VGQJLFP
# environment
PROGRAMFILES = C:\Program Files (x86)
# environment
DRIVERDATA = C:\Windows\System32\Drivers\DriverData
# environment
ORIGINAL_XDG_CURRENT_DESKTOP = undefined
# environment
AVR32_HOME = C:\Users\shaun\Cprogram\TeensyC
# environment
USERNAME = shaun
# environment
PUBLIC = C:\Users\Public
# environment
VSCODE_AMD_ENTRYPOINT = vs/workbench/api/node/extensionHostProcess
# environment
VSCODE_CODE_CACHE_PATH = C:\Users\shaun\AppData\Roaming\Code\CachedData\c3511e6c69bb39013c4a4b7b9566ec1ca73fc4d5
# environment
APPLICATION_INSIGHTS_NO_DIAGNOSTIC_CHANNEL = true
# environment
COMMONPROGRAMFILES = C:\Program Files (x86)\Common Files
# environment
LOGONSERVER = \\DESKTOP-VGQJLFP
# environment
ONEDRIVECONSUMER = C:\Users\shaun\OneDrive
# environment
VSCODE_HANDLES_UNCAUGHT_ERRORS = true
# environment
USERDOMAIN = DESKTOP-VGQJLFP
# default
MAKE = $(MAKE_COMMAND)
# default
MAKECMDGOALS := all
# default
MAKE_VERSION := 3.81
# makefile
.DEFAULT_GOAL := all
# environment
PROGRAMFILES(X86) = C:\Program Files (x86)
# automatic
%D = $(patsubst %/,%,$(dir $%))
# environment
LOCALAPPDATA = C:\Users\shaun\AppData\Local
# environment
PSMODULEPATH = C:\Program Files\WindowsPowerShell\Modules;C:\WINDOWS\system32\WindowsPowerShell\v1.0\Modules
# default
MAKE_COMMAND := make.exe
# environment
PROCESSOR_ARCHITEW6432 = AMD64
# default
.VARIABLES := 
# automatic
*F = $(notdir $*)
# environment
PROCESSOR_IDENTIFIER = AMD64 Family 23 Model 24 Stepping 1, AuthenticAMD
# environment
OS = Windows_NT
# environment
VSCODE_IPC_HOOK = \\.\pipe\9c9042a707ab7ebf750b965db73a0ad9-1.67.2-main-sock
# environment
HOMEPATH = \Users\shaun
# environment
COMMONPROGRAMFILES(X86) = C:\Program Files (x86)\Common Files
# environment
PROMPT = $P$G
# environment
MFLAGS = -Rrqp
# automatic
*D = $(patsubst %/,%,$(dir $*))
# environment
SYSTEMROOT = C:\WINDOWS
# automatic
+D = $(patsubst %/,%,$(dir $+))
# automatic
+F = $(notdir $+)
# environment
APPDATA = C:\Users\shaun\AppData\Roaming
# environment
TEMP = C:\Users\shaun\AppData\Local\Temp
# environment
COMSPEC = C:\WINDOWS\system32\cmd.exe
# default
MAKEFILES := 
# automatic
<F = $(notdir $<)
# makefile (from `GNUmakefile', line 1)
CXX := g++
# environment
LC_ALL = C
# environment
CONFIGSETROOT = C:\WINDOWS\ConfigSetRoot
# automatic
^F = $(notdir $^)
# default
SUFFIXES := 
# environment
SYSTEMDRIVE = C:
# environment
SESSIONNAME = Console
# environment
PROCESSOR_REVISION = 1801
# environment
MAKELEVEL := 0
# environment
LANG = C
# environment
PROCESSOR_LEVEL = 23
# environment
VSCODE_PID = 11896
# environment
USERDOMAIN_ROAMINGPROFILE = DESKTOP-VGQJLFP
# variable set hash-table stats:
# Load=92/1024=9%, Rehash=0, Collisions=9/116=8%

# Pattern-specific Variable Values

# No pattern-specific variable values.

# Directories

# . (key c:/Users/shaun/Programs/C/C++ review, mtime 1654054799): 10 files, no impossibilities.
# C:\Users\shaun\Cprogram\TeensyC\bin (key C:/Users/shaun/Cprogram/TeensyC/bin, mtime 1611895149): 75 files, no impossibilities.
# C:\Users\shaun\Cprogram\TeensyC\utils\bin (key C:/Users/shaun/Cprogram/TeensyC/utils/bin, mtime 1611895170): 99 files, no impossibilities so far.

# 184 files, no impossibilities in 3 directories.

# Implicit Rules

# No implicit rules.

# Files

all: hello
#  Command-line target.
#  Implicit rule search has been done.
#  File does not exist.
#  File has been updated.
#  Needs to be updated (-q is set).
# variable set hash-table stats:
# Load=0/32=0%, Rehash=0, Collisions=0/5=0%

.PHONY: clean
#  Implicit rule search has not been done.
#  Modification time never checked.
#  File has not been updated.

# Not a target:
.DEFAULT:
#  Implicit rule search has not been done.
#  Modification time never checked.
#  File has not been updated.

hello: hello.cpp meta.hh
#  Implicit rule search has not been done.
#  Implicit/static pattern stem: `'
#  File does not exist.
#  File has been updated.
#  Needs to be updated (-q is set).
# automatic
# @ := hello
# automatic
# % := 
# automatic
# * := 
# automatic
# + := hello.cpp meta.hh
# automatic
# | := 
# automatic
# < := hello.cpp
# automatic
# ^ := hello.cpp meta.hh
# automatic
# ? := hello.cpp meta.hh
# variable set hash-table stats:
# Load=8/32=25%, Rehash=0, Collisions=1/13=8%
#  commands to execute (from `GNUmakefile', line 8):
	$(CXX) $(CFLAGS) $(LDFLAGS) hello.cpp -o helloEX
	

# Not a target:
.SUFFIXES:
#  Implicit rule search has not been done.
#  Modification time never checked.
#  File has not been updated.

run: hello
#  Implicit rule search has not been done.
#  Modification time never checked.
#  File has not been updated.
#  commands to execute (from `GNUmakefile', line 11):
	./helloEX
	

clean:
#  Phony target (prerequisite of .PHONY).
#  Implicit rule search has not been done.
#  File does not exist.
#  File has not been updated.
#  commands to execute (from `GNUmakefile', line 16):
	-rm -fr task *~ *.o key.* letter
	

# Not a target:
GNUmakefile:
#  Implicit rule search has been done.
#  Last modified 2022-05-31 23:39:21
#  File has been updated.
#  Successfully updated.
# variable set hash-table stats:
# Load=0/32=0%, Rehash=0, Collisions=0/0=0%

# Not a target:
meta.hh:
#  Implicit rule search has been done.
#  Last modified 2022-05-31 23:33:43
#  File has been updated.
#  Successfully updated.
# variable set hash-table stats:
# Load=0/32=0%, Rehash=0, Collisions=0/0=0%

# Not a target:
hello.cpp:
#  Implicit rule search has been done.
#  Last modified 2022-05-31 23:35:27
#  File has been updated.
#  Successfully updated.
# variable set hash-table stats:
# Load=0/32=0%, Rehash=0, Collisions=0/0=0%

# files hash-table stats:
# Load=10/1024=1%, Rehash=0, Collisions=0/28=0%
# VPATH Search Paths

# No `vpath' search paths.

# No general (`VPATH' variable) search path.

# # of strings in strcache: 1
# # of strcache buffers: 1
# strcache size: total = 4096 / max = 4096 / min = 4096 / avg = 4096
# strcache free: total = 4084 / max = 4084 / min = 4084 / avg = 4084

# Finished Make data base on Tue May 31 23:40:24 2022

 
